[themesdesign.in/symox-node/layouts/layouts-vertical.html]
[backblue.gif]
[fade.gif]
[index.html]
[themesdesign.in/symox-node/layouts/assets/images/favicon.ico]
[themesdesign.in/symox-node/layouts/assets/css/bootstrap.min.css]
[themesdesign.in/symox-node/layouts/assets/css/app.min.css]
[themesdesign.in/symox-node/layouts/assets/css/icons.min.css]
[themesdesign.in/symox-node/layouts/index.html]
[themesdesign.in/symox-node/layouts/assets/images/flags/us.jpg]
[themesdesign.in/symox-node/layouts/assets/images/flags/spain.jpg]
[themesdesign.in/symox-node/layouts/assets/images/flags/germany.jpg]
[themesdesign.in/symox-node/layouts/assets/images/flags/italy.jpg]
[themesdesign.in/symox-node/layouts/assets/images/flags/russia.jpg]
[themesdesign.in/symox-node/layouts/assets/images/users/avatar-3.jpg]
[themesdesign.in/symox-node/layouts/assets/images/users/avatar-4.jpg]
[themesdesign.in/symox-node/layouts/assets/images/users/avatar-1.jpg]
[themesdesign.in/symox-node/layouts/contacts-profile.html]
[themesdesign.in/symox-node/layouts/apps-chat.html]
[themesdesign.in/symox-node/layouts/pages-faqs.html]
[themesdesign.in/symox-node/layouts/auth-lock-screen.html]
[themesdesign.in/symox-node/layouts/auth-logout.html]
[themesdesign.in/symox-node/layouts/apps-calendar.html]
[themesdesign.in/symox-node/layouts/email-inbox.html]
[themesdesign.in/symox-node/layouts/email-read.html]
[themesdesign.in/symox-node/layouts/ecommerce-products.html]
[themesdesign.in/symox-node/layouts/ecommerce-product-detail.html]
[themesdesign.in/symox-node/layouts/ecommerce-customers.html]
[themesdesign.in/symox-node/layouts/ecommerce-orders.html]
[themesdesign.in/symox-node/layouts/ecommerce-cart.html]
[themesdesign.in/symox-node/layouts/ecommerce-checkout.html]
[themesdesign.in/symox-node/layouts/ecommerce-shops.html]
[themesdesign.in/symox-node/layouts/ecommerce-add-product.html]
[themesdesign.in/symox-node/layouts/invoices-list.html]
[themesdesign.in/symox-node/layouts/contacts-grid.html]
[themesdesign.in/symox-node/layouts/invoices-detail.html]
[themesdesign.in/symox-node/layouts/contacts-list.html]
[themesdesign.in/symox-node/layouts/auth-login.html]
[themesdesign.in/symox-node/layouts/auth-register.html]
[themesdesign.in/symox-node/layouts/auth-recoverpw.html]
[themesdesign.in/symox-node/layouts/auth-confirm-mail.html]
[themesdesign.in/symox-node/layouts/auth-email-verification.html]
[themesdesign.in/symox-node/layouts/auth-two-step-verification.html]
[themesdesign.in/symox-node/layouts/pages-starter.html]
[themesdesign.in/symox-node/layouts/pages-maintenance.html]
[themesdesign.in/symox-node/layouts/pages-comingsoon.html]
[themesdesign.in/symox-node/layouts/pages-timeline.html]
[themesdesign.in/symox-node/layouts/pages-pricing.html]
[themesdesign.in/symox-node/layouts/pages-404.html]
[themesdesign.in/symox-node/layouts/pages-500.html]
[themesdesign.in/symox-node/layouts/ui-alerts.html]
[themesdesign.in/symox-node/layouts/ui-buttons.html]
[themesdesign.in/symox-node/layouts/ui-cards.html]
[themesdesign.in/symox-node/layouts/ui-carousel.html]
[themesdesign.in/symox-node/layouts/ui-dropdowns.html]
[themesdesign.in/symox-node/layouts/ui-grid.html]
[themesdesign.in/symox-node/layouts/ui-images.html]
[themesdesign.in/symox-node/layouts/ui-modals.html]
[themesdesign.in/symox-node/layouts/ui-offcanvas.html]
[themesdesign.in/symox-node/layouts/ui-placeholders.html]
[themesdesign.in/symox-node/layouts/ui-progressbars.html]
[themesdesign.in/symox-node/layouts/ui-tabs-accordions.html]
[themesdesign.in/symox-node/layouts/ui-typography.html]
[themesdesign.in/symox-node/layouts/ui-video.html]
[themesdesign.in/symox-node/layouts/ui-general.html]
[themesdesign.in/symox-node/layouts/ui-colors.html]
[themesdesign.in/symox-node/layouts/extended-lightbox.html]
[themesdesign.in/symox-node/layouts/extended-rangeslider.html]
[themesdesign.in/symox-node/layouts/extended-sweet-alert.html]
[themesdesign.in/symox-node/layouts/extended-rating.html]
[themesdesign.in/symox-node/layouts/extended-notifications.html]
[themesdesign.in/symox-node/layouts/form-elements.html]
[themesdesign.in/symox-node/layouts/form-validation.html]
[themesdesign.in/symox-node/layouts/form-advanced.html]
[themesdesign.in/symox-node/layouts/form-editors.html]
[themesdesign.in/symox-node/layouts/form-uploads.html]
[themesdesign.in/symox-node/layouts/form-wizard.html]
[themesdesign.in/symox-node/layouts/form-mask.html]
[themesdesign.in/symox-node/layouts/tables-basic.html]
[themesdesign.in/symox-node/layouts/tables-advanced.html]
[themesdesign.in/symox-node/layouts/charts-apex.html]
[themesdesign.in/symox-node/layouts/charts-chartjs.html]
[themesdesign.in/symox-node/layouts/icons-feather.html]
[themesdesign.in/symox-node/layouts/icons-boxicons.html]
[themesdesign.in/symox-node/layouts/icons-materialdesign.html]
[themesdesign.in/symox-node/layouts/icons-dripicons.html]
[themesdesign.in/symox-node/layouts/icons-fontawesome.html]
[themesdesign.in/symox-node/layouts/maps-google.html]
[themesdesign.in/symox-node/layouts/maps-vector.html]
[themesdesign.in/symox-node/layouts/maps-leaflet.html]
[themesdesign.in/symox-node/layouts/assets/images/users/avatar-5.jpg]
[themesdesign.in/symox-node/layouts/assets/images/users/avatar-6.jpg]
[themesdesign.in/symox-node/layouts/assets/images/users/avatar-7.jpg]
[themesdesign.in/symox-node/layouts/assets/images/users/avatar-8.jpg]
[themesdesign.in/symox-node/layouts/assets/images/users/avatar-2.jpg]
[themesdesign.in/symox-node/layouts/assets/libs/bootstrap/js/bootstrap.bundle.min.js]
[themesdesign.in/symox-node/layouts/assets/libs/metismenujs/metismenujs.min.js]
[themesdesign.in/symox-node/layouts/assets/libs/simplebar/simplebar.min.js]
[themesdesign.in/symox-node/layouts/assets/libs/feather-icons/feather.min.js]
[themesdesign.in/symox-node/layouts/assets/libs/apexcharts/apexcharts.min.js]
[themesdesign.in/symox-node/layouts/assets/js/pages/dashboard.init.js]
[themesdesign.in/symox-node/layouts/assets/js/pages/chartjs.js]
[themesdesign.in/symox-node/layouts/layouts-vertical.html]
[themesdesign.in/symox-node/layouts/assets/js/app.js]
[themesdesign.in/symox-node/layouts/assets/css/bootstrap.min.css]
[themesdesign.in/symox-node/layouts/assets/fonts/materialdesignicons-webfont2d61.eot]
[themesdesign.in/symox-node/layouts/assets/fonts/materialdesignicons-webfontd41d.eot]
[themesdesign.in/symox-node/layouts/assets/fonts/materialdesignicons-webfont2d61.woff]
[themesdesign.in/symox-node/layouts/assets/fonts/materialdesignicons-webfont2d61.ttf]
[themesdesign.in/symox-node/layouts/assets/fonts/boxicons.eot]
[themesdesign.in/symox-node/layouts/assets/fonts/boxicons.woff]
[themesdesign.in/symox-node/layouts/assets/fonts/boxicons.ttf]
[themesdesign.in/symox-node/layouts/assets/fonts/fa-brands-400.eot]
[themesdesign.in/symox-node/layouts/assets/fonts/fa-brands-400d41d.eot]
[themesdesign.in/symox-node/layouts/assets/fonts/fa-brands-400.woff]
[themesdesign.in/symox-node/layouts/assets/fonts/fa-brands-400.ttf]
[themesdesign.in/symox-node/layouts/assets/fonts/fa-regular-400.eot]
[themesdesign.in/symox-node/layouts/assets/fonts/fa-regular-400d41d.eot]
[themesdesign.in/symox-node/layouts/assets/fonts/fa-regular-400.woff]
[themesdesign.in/symox-node/layouts/assets/fonts/fa-regular-400.ttf]
[themesdesign.in/symox-node/layouts/assets/fonts/fa-solid-900.eot]
[themesdesign.in/symox-node/layouts/assets/fonts/fa-solid-900d41d.eot]
[themesdesign.in/symox-node/layouts/assets/fonts/fa-solid-900.woff]
[themesdesign.in/symox-node/layouts/assets/fonts/fa-solid-900.ttf]
[themesdesign.in/symox-node/layouts/assets/fonts/dripicons-v2.eot]
[themesdesign.in/symox-node/layouts/assets/fonts/dripicons-v2d41d.eot]
[themesdesign.in/symox-node/layouts/assets/fonts/dripicons-v2.woff]
[themesdesign.in/symox-node/layouts/assets/fonts/dripicons-v2.ttf]
[themesdesign.in/symox-node/layouts/assets/css/icons.min.css]
[themesdesign.in/symox-node/layouts/assets/css/app.min.css]
[themesdesign.in/symox-node/layouts/index.html]
[themesdesign.in/symox-node/layouts/assets/images/logo-sm.svg]
[themesdesign.in/symox-node/layouts/contacts-profile.html]
[themesdesign.in/symox-node/layouts/assets/images/small/img-1.jpg]
[themesdesign.in/symox-node/layouts/assets/images/small/img-2.jpg]
[themesdesign.in/symox-node/layouts/apps-chat.html]
[themesdesign.in/symox-node/layouts/assets/images/faqs-img.png]
[themesdesign.in/symox-node/layouts/pages-faqs.html]
[themesdesign.in/symox-node/layouts/auth-lock-screen.html]
[themesdesign.in/symox-node/layouts/auth-logout.html]
[themesdesign.in/symox-node/layouts/assets/libs/fullcalendar/main.min.css]
[themesdesign.in/symox-node/layouts/assets/js/pages/calendar.init.js]
[themesdesign.in/symox-node/layouts/apps-calendar.html]
[themesdesign.in/symox-node/layouts/assets/libs/fullcalendar/main.min.js]
[themesdesign.in/symox-node/layouts/assets/js/pages/email-editor.init.js]
[themesdesign.in/symox-node/layouts/email-inbox.html]
[themesdesign.in/symox-node/layouts/assets/images/small/img-3.jpg]
[themesdesign.in/symox-node/layouts/assets/libs/@ckeditor/ckeditor5-build-classic/build/ckeditor.js]
[themesdesign.in/symox-node/layouts/email-read.html]
[themesdesign.in/symox-node/layouts/assets/images/small/img-4.jpg]
[themesdesign.in/symox-node/layouts/assets/libs/nouislider/nouislider.min.css]
[themesdesign.in/symox-node/layouts/assets/images/product/img-1.png]
[themesdesign.in/symox-node/layouts/assets/images/product/img-2.png]
[themesdesign.in/symox-node/layouts/assets/images/product/img-3.png]
[themesdesign.in/symox-node/layouts/assets/images/product/img-4.png]
[themesdesign.in/symox-node/layouts/assets/images/product/img-5.png]
[themesdesign.in/symox-node/layouts/assets/images/product/img-6.png]
[themesdesign.in/symox-node/layouts/assets/libs/nouislider/nouislider.min.js]
[themesdesign.in/symox-node/layouts/assets/libs/wnumb/wNumb.min.js]
[themesdesign.in/symox-node/layouts/assets/js/pages/product-filter-range.init.js]
[themesdesign.in/symox-node/layouts/ecommerce-products.html]
[themesdesign.in/symox-node/layouts/ecommerce-product-detail.html]
[themesdesign.in/symox-node/layouts/ecommerce-orders.html]
[themesdesign.in/symox-node/layouts/ecommerce-customers.html]
[themesdesign.in/symox-node/layouts/ecommerce-cart.html]
[themesdesign.in/symox-node/layouts/ecommerce-product-detail-2.html]
[themesdesign.in/symox-node/layouts/ecommerce-checkout.html]
[themesdesign.in/symox-node/layouts/ecommerce-shops.html]
[themesdesign.in/symox-node/layouts/assets/libs/choices.js/public/assets/styles/choices.min.css]
[themesdesign.in/symox-node/layouts/assets/libs/dropzone/min/dropzone.min.css]
[themesdesign.in/symox-node/layouts/assets/libs/choices.js/public/assets/scripts/choices.min.js]
[themesdesign.in/symox-node/layouts/assets/libs/dropzone/min/dropzone.min.js]
[themesdesign.in/symox-node/layouts/assets/js/pages/ecommerce-choices.init.js]
[themesdesign.in/symox-node/layouts/ecommerce-add-product.html]
[themesdesign.in/symox-node/layouts/assets/libs/flatpickr/flatpickr.min.css]
[themesdesign.in/symox-node/layouts/assets/libs/flatpickr/flatpickr.min.js]
[themesdesign.in/symox-node/layouts/assets/js/pages/invoice-list.init.js]
[themesdesign.in/symox-node/layouts/invoices-list.html]
[themesdesign.in/symox-node/layouts/assets/images/logo-sm.png]
[themesdesign.in/symox-node/layouts/invoices-detail.html]
[themesdesign.in/symox-node/layouts/assets/images/users/avatar-9.jpg]
[themesdesign.in/symox-node/layouts/contacts-grid.html]
[themesdesign.in/symox-node/layouts/contacts-list.html]
[themesdesign.in/symox-node/layouts/auth-login.html]
[themesdesign.in/symox-node/layouts/auth-register.html]
[themesdesign.in/symox-node/layouts/auth-recoverpw.html]
[themesdesign.in/symox-node/layouts/auth-confirm-mail.html]
[themesdesign.in/symox-node/layouts/auth-email-verification.html]
[themesdesign.in/symox-node/layouts/assets/js/pages/two-step-verification.init.js]
[themesdesign.in/symox-node/layouts/auth-two-step-verification.html]
[themesdesign.in/symox-node/layouts/pages-starter.html]
[themesdesign.in/symox-node/layouts/assets/images/auth-bg.jpg]
[themesdesign.in/symox-node/layouts/assets/images/maintenance.png]
[themesdesign.in/symox-node/layouts/pages-maintenance.html]
[themesdesign.in/symox-node/layouts/assets/images/coming-soon-img.png]
[themesdesign.in/symox-node/layouts/assets/js/pages/coming-soon.init.js]
[themesdesign.in/symox-node/layouts/pages-comingsoon.html]
[themesdesign.in/symox-node/layouts/assets/libs/swiper/swiper-bundle.min.css]
[themesdesign.in/symox-node/layouts/assets/images/small/img-5.jpg]
[themesdesign.in/symox-node/layouts/assets/libs/swiper/swiper-bundle.min.js]
[themesdesign.in/symox-node/layouts/assets/js/pages/timeline.init.js]
[themesdesign.in/symox-node/layouts/pages-timeline.html]
[themesdesign.in/symox-node/layouts/pages-pricing.html]
[themesdesign.in/symox-node/layouts/assets/images/404-img.png]
[themesdesign.in/symox-node/layouts/pages-404.html]
[themesdesign.in/symox-node/layouts/assets/images/500-img.png]
[themesdesign.in/symox-node/layouts/pages-500.html]
[themesdesign.in/symox-node/layouts/assets/js/pages/alert.init.js]
[themesdesign.in/symox-node/layouts/ui-alerts.html]
[themesdesign.in/symox-node/layouts/ui-buttons.html]
[themesdesign.in/symox-node/layouts/assets/images/small/img-7.jpg]
[themesdesign.in/symox-node/layouts/assets/images/small/img-6.jpg]
[themesdesign.in/symox-node/layouts/ui-cards.html]
[themesdesign.in/symox-node/layouts/assets/libs/masonry-layout/masonry.pkgd.min.js]
[themesdesign.in/symox-node/layouts/ui-carousel.html]
[themesdesign.in/symox-node/layouts/ui-dropdowns.html]
[themesdesign.in/symox-node/layouts/ui-grid.html]
[themesdesign.in/symox-node/layouts/ui-images.html]
[themesdesign.in/symox-node/layouts/assets/js/pages/modal.init.js]
[themesdesign.in/symox-node/layouts/ui-modals.html]
[themesdesign.in/symox-node/layouts/ui-offcanvas.html]
[themesdesign.in/symox-node/layouts/ui-placeholders.html]
[themesdesign.in/symox-node/layouts/ui-progressbars.html]
[themesdesign.in/symox-node/layouts/ui-tabs-accordions.html]
[themesdesign.in/symox-node/layouts/ui-typography.html]
[themesdesign.in/symox-node/layouts/ui-video.html]
[themesdesign.in/symox-node/layouts/ui-general.html]
[themesdesign.in/symox-node/layouts/ui-colors.html]
[themesdesign.in/symox-node/layouts/assets/libs/glightbox/css/glightbox.min.css]
[themesdesign.in/symox-node/layouts/assets/js/pages/lightbox.init.js]
[themesdesign.in/symox-node/layouts/extended-lightbox.html]
[themesdesign.in/symox-node/layouts/assets/js/pages/rangeslider.init.js]
[themesdesign.in/symox-node/layouts/extended-rangeslider.html]
[themesdesign.in/symox-node/layouts/assets/libs/glightbox/js/glightbox.min.js]
[themesdesign.in/symox-node/layouts/assets/libs/sweetalert2/sweetalert2.min.css]
[themesdesign.in/symox-node/layouts/extended-sweet-alert.html]
[themesdesign.in/symox-node/layouts/assets/js/pages/sweet-alerts.init.js]
[themesdesign.in/symox-node/layouts/assets/libs/sweetalert2/sweetalert2.min.js]
[themesdesign.in/symox-node/layouts/assets/libs/rater-js/index.js]
[themesdesign.in/symox-node/layouts/assets/js/pages/rating.init.js]
[themesdesign.in/symox-node/layouts/extended-rating.html]
[themesdesign.in/symox-node/layouts/assets/libs/alertifyjs/build/css/alertify.min.css]
[themesdesign.in/symox-node/layouts/assets/libs/alertifyjs/build/css/themes/default.min.css]
[themesdesign.in/symox-node/layouts/assets/libs/alertifyjs/build/alertify.min.js]
[themesdesign.in/symox-node/layouts/assets/js/pages/notification.init.js]
[themesdesign.in/symox-node/layouts/extended-notifications.html]
[themesdesign.in/symox-node/layouts/form-elements.html]
[themesdesign.in/symox-node/layouts/assets/js/pages/form-validation.init.js]
[themesdesign.in/symox-node/layouts/form-validation.html]
[themesdesign.in/symox-node/layouts/assets/libs/@simonwep/pickr/themes/classic.min.css]
[themesdesign.in/symox-node/layouts/assets/libs/@simonwep/pickr/themes/monolith.min.css]
[themesdesign.in/symox-node/layouts/assets/libs/@simonwep/pickr/themes/nano.min.css]
[themesdesign.in/symox-node/layouts/assets/libs/@simonwep/pickr/pickr.min.js]
[themesdesign.in/symox-node/layouts/assets/libs/@simonwep/pickr/pickr.es5.min.js]
[themesdesign.in/symox-node/layouts/assets/js/pages/form-advanced.init.js]
[themesdesign.in/symox-node/layouts/form-advanced.html]
[themesdesign.in/symox-node/layouts/assets/libs/quill/quill.core.css]
[themesdesign.in/symox-node/layouts/assets/libs/quill/quill.bubble.css]
[themesdesign.in/symox-node/layouts/assets/libs/quill/quill.snow.css]
[themesdesign.in/symox-node/layouts/assets/js/pages/form-editor.init.js]
[themesdesign.in/symox-node/layouts/form-editors.html]
[themesdesign.in/symox-node/layouts/form-uploads.html]
[themesdesign.in/symox-node/layouts/assets/libs/quill/quill.min.js]
[themesdesign.in/symox-node/layouts/assets/js/pages/form-wizard.init.js]
[themesdesign.in/symox-node/layouts/form-wizard.html]
[themesdesign.in/symox-node/layouts/assets/libs/imask/imask.min.js]
[themesdesign.in/symox-node/layouts/assets/js/pages/form-mask.init.js]
[themesdesign.in/symox-node/layouts/form-mask.html]
[themesdesign.in/symox-node/layouts/tables-basic.html]
[themesdesign.in/symox-node/layouts/assets/libs/gridjs/theme/mermaid.min.css]
[themesdesign.in/symox-node/layouts/assets/libs/gridjs/gridjs.umd.js]
[themesdesign.in/symox-node/layouts/assets/js/pages/gridjs.init.js]
[themesdesign.in/symox-node/layouts/tables-advanced.html]
[apexcharts.com/samples/assets/stock-prices.js]
[themesdesign.in/symox-node/layouts/assets/libs/moment/min/moment.min.js]
[themesdesign.in/symox-node/layouts/charts-apex.html]
[themesdesign.in/symox-node/layouts/assets/js/pages/apexcharts.init.js]
[themesdesign.in/symox-node/layouts/charts-chartjs.html]
[themesdesign.in/symox-node/layouts/assets/js/pages/chartjs.init.js]
[themesdesign.in/symox-node/layouts/icons-feather.html]
[themesdesign.in/symox-node/layouts/icons-boxicons.html]
[themesdesign.in/symox-node/layouts/assets/libs/chart.js/chart.min.js]
[themesdesign.in/symox-node/layouts/icons-materialdesign.html]
[themesdesign.in/symox-node/layouts/icons-dripicons.html]
[themesdesign.in/symox-node/layouts/assets/js/pages/materialdesign.init.js]
[themesdesign.in/symox-node/layouts/icons-fontawesome.html]
[themesdesign.in/symox-node/layouts/assets/js/pages/fontawesome.init.js]
[themesdesign.in/symox-node/layouts/assets/libs/gmaps/gmaps.min.js]
[themesdesign.in/symox-node/layouts/assets/js/pages/gmaps.init.js]
[themesdesign.in/symox-node/layouts/maps-google.html]
[themesdesign.in/symox-node/layouts/assets/libs/jsvectormap/css/jsvectormap.min.css]
[themesdesign.in/symox-node/layouts/assets/libs/jsvectormap/js/jsvectormap.min.js]
[themesdesign.in/symox-node/layouts/assets/libs/jsvectormap/maps/world-merc.js]
[themesdesign.in/symox-node/layouts/assets/libs/jsvectormap/maps/us-merc-en.js]
[themesdesign.in/symox-node/layouts/assets/js/pages/vector-maps.init.js]
[themesdesign.in/symox-node/layouts/maps-vector.html]
[themesdesign.in/symox-node/layouts/assets/libs/jsvectormap/maps/canada.js]
[themesdesign.in/symox-node/layouts/assets/libs/leaflet/leaflet.css]
[themesdesign.in/symox-node/layouts/assets/libs/leaflet/leaflet.js]
[themesdesign.in/symox-node/layouts/assets/js/pages/leaflet-us-states.js]
[themesdesign.in/symox-node/layouts/assets/js/pages/leaflet-map.init.js]
[themesdesign.in/symox-node/layouts/maps-leaflet.html]
[themesdesign.in/symox-node/layouts/assets/fonts/materialdesignicons-webfont2d61.html]
[themesdesign.in/symox-node/layouts/assets/fonts/boxicons.html]
[themesdesign.in/symox-node/layouts/assets/fonts/boxiconsd41d.svg]
[themesdesign.in/symox-node/layouts/assets/fonts/fa-brands-400.html]
[themesdesign.in/symox-node/layouts/assets/fonts/fa-brands-400.svg]
[themesdesign.in/symox-node/layouts/assets/fonts/fa-regular-400.html]
[themesdesign.in/symox-node/layouts/assets/fonts/fa-regular-400.svg]
[themesdesign.in/symox-node/layouts/assets/fonts/fa-solid-900.html]
[themesdesign.in/symox-node/layouts/assets/fonts/fa-solid-900.svg]
[themesdesign.in/symox-node/layouts/assets/fonts/dripicons-v2.svg]
[themesdesign.in/symox-node/layouts/assets/libs/fullcalendar/main.min.css]
[themesdesign.in/symox-node/layouts/assets/libs/nouislider/nouislider.min.css]
[themesdesign.in/symox-node/layouts/ecommerce-product-detail-2.html]
[themesdesign.in/symox-node/layouts/assets/libs/choices.js/public/assets/styles/choices.min.css]
[themesdesign.in/symox-node/layouts/assets/libs/dropzone/min/dropzone.min.css]
[themesdesign.in/symox-node/layouts/assets/libs/flatpickr/flatpickr.min.css]
[themesdesign.in/symox-node/layouts/assets/libs/swiper/swiper-bundle.min.css]
[themesdesign.in/symox-node/layouts/assets/libs/glightbox/css/glightbox.min.css]
[themesdesign.in/symox-node/layouts/assets/libs/sweetalert2/sweetalert2.min.css]
[themesdesign.in/symox-node/layouts/assets/libs/alertifyjs/build/css/alertify.min.css]
[themesdesign.in/symox-node/layouts/assets/libs/alertifyjs/build/css/themes/default.min.css]
[themesdesign.in/symox-node/layouts/assets/libs/@simonwep/pickr/themes/classic.min.css]
[themesdesign.in/symox-node/layouts/assets/libs/@simonwep/pickr/themes/monolith.min.css]
[themesdesign.in/symox-node/layouts/assets/libs/@simonwep/pickr/themes/nano.min.css]
[themesdesign.in/symox-node/layouts/assets/libs/quill/quill.core.css]
[themesdesign.in/symox-node/layouts/assets/libs/quill/quill.bubble.css]
[themesdesign.in/symox-node/layouts/assets/libs/quill/quill.snow.css]
[themesdesign.in/symox-node/layouts/assets/libs/gridjs/theme/mermaid.min.css]
[themesdesign.in/symox-node/layouts/assets/libs/jsvectormap/css/jsvectormap.min.css]
[themesdesign.in/symox-node/layouts/assets/libs/leaflet/images/layers.png]
[themesdesign.in/symox-node/layouts/assets/libs/leaflet/images/layers-2x.png]
[themesdesign.in/symox-node/layouts/assets/libs/leaflet/images/marker-icon.png]
[themesdesign.in/symox-node/layouts/assets/libs/leaflet/leaflet.css]
